{
  "mean": 1.2142857142857142,
  "median": 1.5,
  "passed": 5,
  "total": 8.5,
  "regression slope": 0.13023392962453312,
  "date 16": "2019-01-17",
  "date 20": "2019-02-17"
}
{
  "mean": 1.2857142857142858,
  "median": 1.5,
  "passed": 5,
  "total": 9.0,
  "regression slope": 0.1474346373107922,
  "date 16": "2019-01-03",
  "date 20": "2019-01-30"
}
{
  "mean": 1.5714285714285714,
  "median": 2.0,
  "passed": 6,
  "total": 11.0,
  "regression slope": 0.1845881659131118,
  "date 16": "2018-12-12",
  "date 20": "2019-01-03"
}
{
  "mean": 1.5714285714285714,
  "median": 2.0,
  "passed": 6,
  "total": 11.0,
  "regression slope": 0.18376908459471855,
  "date 16": "2018-12-13",
  "date 20": "2019-01-03"
}
{
  "mean": 0.7857142857142857,
  "median": 0.0,
  "passed": 3,
  "total": 5.5,
  "regression slope": 0.0967171220758797,
  "date 16": "2019-03-01",
  "date 20": "2019-04-11"
}
{
  "mean": 0.9285714285714286,
  "median": 1.5,
  "passed": 4,
  "total": 6.5,
  "regression slope": 0.10998623943385097,
  "date 16": "2019-02-09",
  "date 20": "2019-03-17"
}
{
  "mean": 0.9285714285714286,
  "median": 1.5,
  "passed": 4,
  "total": 6.5,
  "regression slope": 0.11264006290544525,
  "date 16": "2019-02-06",
  "date 20": "2019-03-13"
}
{
  "mean": 1.1428571428571428,
  "median": 2.0,
  "passed": 4,
  "total": 8.0,
  "regression slope": 0.14808990236550681,
  "date 16": "2019-01-03",
  "date 20": "2019-01-30"
}
{
  "mean": 1.2857142857142858,
  "median": 1.5,
  "passed": 5,
  "total": 9.0,
  "regression slope": 0.14723805779437785,
  "date 16": "2019-01-03",
  "date 20": "2019-01-30"
}
{
  "mean": 1.5,
  "median": 1.5,
  "passed": 6,
  "total": 10.5,
  "regression slope": 0.1717777340934408,
  "date 16": "2018-12-19",
  "date 20": "2019-01-11"
}
{
  "mean": 1.0,
  "median": 1.5,
  "passed": 4,
  "total": 7.0,
  "regression slope": 0.11834086888146253,
  "date 16": "2019-01-30",
  "date 20": "2019-03-05"
}
{
  "mean": 1.4285714285714286,
  "median": 1.5,
  "passed": 6,
  "total": 10.0,
  "regression slope": 0.16031059563593472,
  "date 16": "2018-12-25",
  "date 20": "2019-01-19"
}
{
  "mean": 0.0,
  "median": 0.0,
  "passed": 0,
  "total": 0.0,
  "regression slope": 0,
  "date 16": "inf",
  "date 20": "inf"
}
{
  "mean": 1.1428571428571428,
  "median": 2.0,
  "passed": 4,
  "total": 8.0,
  "regression slope": 0.12843195072406788,
  "date 16": "2019-01-19",
  "date 20": "2019-02-19"
}
{
  "mean": 1.0,
  "median": 1.5,
  "passed": 4,
  "total": 7.0,
  "regression slope": 0.11834086888146253,
  "date 16": "2019-01-30",
  "date 20": "2019-03-05"
}
{
  "mean": 1.1428571428571428,
  "median": 1.5,
  "passed": 5,
  "total": 8.0,
  "regression slope": 0.11824257912325534,
  "date 16": "2019-01-30",
  "date 20": "2019-03-05"
}
{
  "mean": 0.0,
  "median": 0.0,
  "passed": 0,
  "total": 0.0,
  "regression slope": 0,
  "date 16": "inf",
  "date 20": "inf"
}
{
  "mean": 1.1428571428571428,
  "median": 1.5,
  "passed": 5,
  "total": 8.0,
  "regression slope": 0.12708865736190286,
  "date 16": "2019-01-20",
  "date 20": "2019-02-21"
}
{
  "mean": 1.0714285714285714,
  "median": 1.5,
  "passed": 4,
  "total": 7.5,
  "regression slope": 0.11015005569752964,
  "date 16": "2019-02-09",
  "date 20": "2019-03-17"
}
{
  "mean": 1.3571428571428572,
  "median": 2.0,
  "passed": 5,
  "total": 9.5,
  "regression slope": 0.15349583906690253,
  "date 16": "2018-12-30",
  "date 20": "2019-01-25"
}
{
  "mean": 0.8571428571428571,
  "median": 0.0,
  "passed": 3,
  "total": 6.0,
  "regression slope": 0.08479129808007338,
  "date 16": "2019-03-24",
  "date 20": "2019-05-10"
}
{
  "mean": 1.0714285714285714,
  "median": 1.5,
  "passed": 4,
  "total": 7.5,
  "regression slope": 0.11663717973920451,
  "date 16": "2019-02-01",
  "date 20": "2019-03-07"
}
{
  "mean": 1.3571428571428572,
  "median": 2.0,
  "passed": 5,
  "total": 9.5,
  "regression slope": 0.16253849682196447,
  "date 16": "2018-12-24",
  "date 20": "2019-01-18"
}
{
  "mean": 1.2857142857142858,
  "median": 1.5,
  "passed": 5,
  "total": 9.0,
  "regression slope": 0.14723805779437785,
  "date 16": "2019-01-03",
  "date 20": "2019-01-30"
}
{
  "mean": 1.6428571428571428,
  "median": 2.0,
  "passed": 6,
  "total": 11.5,
  "regression slope": 0.19605530437061788,
  "date 16": "2018-12-07",
  "date 20": "2018-12-28"
}
{
  "mean": 1.3571428571428572,
  "median": 2.0,
  "passed": 5,
  "total": 9.5,
  "regression slope": 0.15349583906690253,
  "date 16": "2018-12-30",
  "date 20": "2019-01-25"
}
{
  "mean": 1.2857142857142858,
  "median": 1.5,
  "passed": 5,
  "total": 9.0,
  "regression slope": 0.14671384575060611,
  "date 16": "2019-01-04",
  "date 20": "2019-01-31"
}
{
  "mean": 1.2142857142857142,
  "median": 1.5,
  "passed": 5,
  "total": 8.5,
  "regression slope": 0.1494987222331433,
  "date 16": "2019-01-02",
  "date 20": "2019-01-28"
}
{
  "mean": 1.0,
  "median": 1.5,
  "passed": 4,
  "total": 7.0,
  "regression slope": 0.10517004128169843,
  "date 16": "2019-02-16",
  "date 20": "2019-03-26"
}
{
  "mean": 1.2857142857142858,
  "median": 1.5,
  "passed": 5,
  "total": 9.0,
  "regression slope": 0.1476312168272066,
  "date 16": "2019-01-03",
  "date 20": "2019-01-30"
}
{
  "mean": 0.6428571428571429,
  "median": 0.0,
  "passed": 3,
  "total": 4.5,
  "regression slope": 0.07037546687635149,
  "date 16": "2019-05-02",
  "date 20": "2019-06-28"
}
{
  "mean": 1.3571428571428572,
  "median": 2.0,
  "passed": 5,
  "total": 9.5,
  "regression slope": 0.15890177576829825,
  "date 16": "2018-12-26",
  "date 20": "2019-01-20"
}
{
  "mean": 1.6428571428571428,
  "median": 2.0,
  "passed": 6,
  "total": 11.5,
  "regression slope": 0.196776095930804,
  "date 16": "2018-12-07",
  "date 20": "2018-12-27"
}
{
  "mean": 1.1428571428571428,
  "median": 1.5,
  "passed": 5,
  "total": 8.0,
  "regression slope": 0.11824257912325534,
  "date 16": "2019-01-30",
  "date 20": "2019-03-05"
}
{
  "mean": 0.7857142857142857,
  "median": 0.0,
  "passed": 3,
  "total": 5.5,
  "regression slope": 0.09042657755061921,
  "date 16": "2019-03-12",
  "date 20": "2019-04-26"
}
{
  "mean": 1.2857142857142858,
  "median": 1.5,
  "passed": 5,
  "total": 9.0,
  "regression slope": 0.16096586069064936,
  "date 16": "2018-12-25",
  "date 20": "2019-01-19"
}
{
  "mean": 1.2857142857142858,
  "median": 1.5,
  "passed": 5,
  "total": 9.0,
  "regression slope": 0.14723805779437785,
  "date 16": "2019-01-03",
  "date 20": "2019-01-30"
}
{
  "mean": 1.2857142857142858,
  "median": 1.5,
  "passed": 5,
  "total": 9.0,
  "regression slope": 0.14012843195072408,
  "date 16": "2019-01-09",
  "date 20": "2019-02-06"
}
{
  "mean": 0.8571428571428571,
  "median": 0.0,
  "passed": 3,
  "total": 6.0,
  "regression slope": 0.10890505209357183,
  "date 16": "2019-02-10",
  "date 20": "2019-03-19"
}
{
  "mean": 1.5,
  "median": 1.5,
  "passed": 6,
  "total": 10.5,
  "regression slope": 0.17197431360985518,
  "date 16": "2018-12-19",
  "date 20": "2019-01-11"
}
{
  "mean": 1.4285714285714286,
  "median": 2.0,
  "passed": 5,
  "total": 10.0,
  "regression slope": 0.1657820588428019,
  "date 16": "2018-12-22",
  "date 20": "2019-01-15"
}
{
  "mean": 1.0714285714285714,
  "median": 1.5,
  "passed": 4,
  "total": 7.5,
  "regression slope": 0.1301356398663259,
  "date 16": "2019-01-17",
  "date 20": "2019-02-17"
}
{
  "mean": 0.0,
  "median": 0.0,
  "passed": 0,
  "total": 0.0,
  "regression slope": 0,
  "date 16": "inf",
  "date 20": "inf"
}
{
  "mean": 1.6428571428571428,
  "median": 2.0,
  "passed": 6,
  "total": 11.5,
  "regression slope": 0.196776095930804,
  "date 16": "2018-12-07",
  "date 20": "2018-12-27"
}
{
  "mean": 0.9285714285714286,
  "median": 1.5,
  "passed": 4,
  "total": 6.5,
  "regression slope": 0.11575257191533973,
  "date 16": "2019-02-02",
  "date 20": "2019-03-08"
}
{
  "mean": 0.0,
  "median": 0.0,
  "passed": 0,
  "total": 0.0,
  "regression slope": 0,
  "date 16": "inf",
  "date 20": "inf"
}
{
  "mean": 1.2142857142857142,
  "median": 1.5,
  "passed": 5,
  "total": 8.5,
  "regression slope": 0.14936766922220035,
  "date 16": "2019-01-02",
  "date 20": "2019-01-28"
}
{
  "mean": 0.6428571428571429,
  "median": 0.0,
  "passed": 3,
  "total": 4.5,
  "regression slope": 0.08354629447611558,
  "date 16": "2019-03-27",
  "date 20": "2019-05-14"
}
{
  "mean": 1.0,
  "median": 1.5,
  "passed": 4,
  "total": 7.0,
  "regression slope": 0.1192254767053273,
  "date 16": "2019-01-29",
  "date 20": "2019-03-03"
}
{
  "mean": 1.2857142857142858,
  "median": 1.5,
  "passed": 5,
  "total": 9.0,
  "regression slope": 0.1554943974837822,
  "date 16": "2018-12-28",
  "date 20": "2019-01-23"
}
{
  "mean": 1.0714285714285714,
  "median": 1.5,
  "passed": 4,
  "total": 7.5,
  "regression slope": 0.13629513138064347,
  "date 16": "2019-01-12",
  "date 20": "2019-02-10"
}
{
  "mean": 1.0,
  "median": 1.5,
  "passed": 4,
  "total": 7.0,
  "regression slope": 0.1323963043050914,
  "date 16": "2019-01-15",
  "date 20": "2019-02-15"
}
{
  "mean": 1.4285714285714286,
  "median": 2.0,
  "passed": 5,
  "total": 10.0,
  "regression slope": 0.18544001048424086,
  "date 16": "2018-12-12",
  "date 20": "2019-01-02"
}
{
  "mean": 0.2857142857142857,
  "median": 0.0,
  "passed": 1,
  "total": 2.0,
  "regression slope": 0.0436406526439945,
  "date 16": "2019-09-18",
  "date 20": "2019-12-19"
}
{
  "mean": 0.0,
  "median": 0.0,
  "passed": 0,
  "total": 0.0,
  "regression slope": 0,
  "date 16": "inf",
  "date 20": "inf"
}
{
  "mean": 1.0714285714285714,
  "median": 1.5,
  "passed": 4,
  "total": 7.5,
  "regression slope": 0.11696481226656183,
  "date 16": "2019-01-31",
  "date 20": "2019-03-06"
}
{
  "mean": 1.2857142857142858,
  "median": 1.5,
  "passed": 5,
  "total": 9.0,
  "regression slope": 0.16096586069064936,
  "date 16": "2018-12-25",
  "date 20": "2019-01-19"
}
{
  "mean": 1.6428571428571428,
  "median": 2.0,
  "passed": 6,
  "total": 11.5,
  "regression slope": 0.19605530437061788,
  "date 16": "2018-12-07",
  "date 20": "2018-12-28"
}
{
  "mean": 0.7142857142857143,
  "median": 0.0,
  "passed": 3,
  "total": 5.0,
  "regression slope": 0.09553764497739334,
  "date 16": "2019-03-03",
  "date 20": "2019-04-14"
}
{
  "mean": 1.2857142857142858,
  "median": 1.5,
  "passed": 5,
  "total": 9.0,
  "regression slope": 0.16096586069064936,
  "date 16": "2018-12-25",
  "date 20": "2019-01-19"
}
{
  "mean": 1.2857142857142858,
  "median": 1.5,
  "passed": 5,
  "total": 9.0,
  "regression slope": 0.1417010680820392,
  "date 16": "2019-01-07",
  "date 20": "2019-02-05"
}
{
  "mean": 1.1428571428571428,
  "median": 2.0,
  "passed": 4,
  "total": 8.0,
  "regression slope": 0.12843195072406788,
  "date 16": "2019-01-19",
  "date 20": "2019-02-19"
}
{
  "mean": 1.4285714285714286,
  "median": 1.5,
  "passed": 6,
  "total": 10.0,
  "regression slope": 0.16031059563593472,
  "date 16": "2018-12-25",
  "date 20": "2019-01-19"
}
{
  "mean": 0.21428571428571427,
  "median": 0.0,
  "passed": 1,
  "total": 1.5,
  "regression slope": 0.03184588165913112,
  "date 16": "2020-02-01",
  "date 20": "2020-06-06"
}
{
  "mean": 0.0,
  "median": 0.0,
  "passed": 0,
  "total": 0.0,
  "regression slope": 0,
  "date 16": "inf",
  "date 20": "inf"
}
{
  "mean": 0.5,
  "median": 0.0,
  "passed": 2,
  "total": 3.5,
  "regression slope": 0.044230391193237656,
  "date 16": "2019-09-13",
  "date 20": "2019-12-13"
}
{
  "mean": 1.0,
  "median": 1.5,
  "passed": 4,
  "total": 7.0,
  "regression slope": 0.09838804796540199,
  "date 16": "2019-02-26",
  "date 20": "2019-04-08"
}
{
  "mean": 1.1428571428571428,
  "median": 1.5,
  "passed": 5,
  "total": 8.0,
  "regression slope": 0.1377039512482799,
  "date 16": "2019-01-11",
  "date 20": "2019-02-09"
}
{
  "mean": 1.0,
  "median": 1.5,
  "passed": 4,
  "total": 7.0,
  "regression slope": 0.10359740515038332,
  "date 16": "2019-02-18",
  "date 20": "2019-03-29"
}
{
  "mean": 0.0,
  "median": 0.0,
  "passed": 0,
  "total": 0.0,
  "regression slope": 0,
  "date 16": "inf",
  "date 20": "inf"
}
{
  "mean": 1.2857142857142858,
  "median": 1.5,
  "passed": 5,
  "total": 9.0,
  "regression slope": 0.14723805779437785,
  "date 16": "2019-01-03",
  "date 20": "2019-01-30"
}
{
  "mean": 1.5714285714285714,
  "median": 2.0,
  "passed": 6,
  "total": 11.0,
  "regression slope": 0.18448987615490464,
  "date 16": "2018-12-12",
  "date 20": "2019-01-03"
}
{
  "mean": 1.044642857142857,
  "median": 1.2430555555555556,
  "passed": 6,
  "total": 7.312499999999999,
  "regression slope": 0.12170638300970518,
  "date 16": "2019-01-26",
  "date 20": "2019-02-28"
}
